[debug] [2020-11-12T05:02:04.259Z] ----------------------------------------------------------------------
[debug] [2020-11-12T05:02:04.261Z] Command:       C:\Program Files\nodejs\node.exe C:\Users\ishu.mishra\AppData\Roaming\npm\node_modules\firebase-tools\lib\bin\firebase.js init
[debug] [2020-11-12T05:02:04.261Z] CLI Version:   8.16.0
[debug] [2020-11-12T05:02:04.261Z] Platform:      win32
[debug] [2020-11-12T05:02:04.261Z] Node Version:  v10.18.0
[debug] [2020-11-12T05:02:04.262Z] Time:          Thu Nov 12 2020 10:32:04 GMT+0530 (India Standard Time)
[debug] [2020-11-12T05:02:04.262Z] ----------------------------------------------------------------------
[debug] [2020-11-12T05:02:04.262Z] 
[debug] [2020-11-12T05:02:04.264Z] >>> [apiv2][query] GET https://firebase-public.firebaseio.com/cli.json [none]
[debug] [2020-11-12T05:02:04.288Z] > command requires scopes: ["email","openid","https://www.googleapis.com/auth/cloudplatformprojects.readonly","https://www.googleapis.com/auth/firebase","https://www.googleapis.com/auth/cloud-platform"]
[debug] [2020-11-12T05:02:04.289Z] > authorizing via signed-in user
[info] 
     ######## #### ########  ######## ########     ###     ######  ########
     ##        ##  ##     ## ##       ##     ##  ##   ##  ##       ##
     ######    ##  ########  ######   ########  #########  ######  ######
     ##        ##  ##    ##  ##       ##     ## ##     ##       ## ##
     ##       #### ##     ## ######## ########  ##     ##  ######  ########

You're about to initialize a Firebase project in this directory:

  D:\test1\test1\test1

Before we get started, keep in mind:

  * You are initializing in an existing Firebase project directory

